<?xml version="1.0" encoding="UTF-8"?>
<!-- Generated by org.testng.reporters.JUnitXMLReporter -->
<testsuite ignored="0" hostname="DESKTOP-DRSERU0" failures="10" tests="10" name="Command line test" time="24.348" errors="0" timestamp="2021-01-06T09:35:37 MSK">
  <testcase classname="test.CartTest" name="AddingALotProductToCart" time="0.018">
    <failure type="java.lang.ExceptionInInitializerError">
      <![CDATA[java.lang.ExceptionInInitializerError
at service.ProductCreater.withCredentialsFromProperty(ProductCreater.java:22)
at test.CartTest.AddingALotProductToCart(CartTest.java:74)
Caused by: java.util.MissingResourceException: Can't find bundle for base name ${dev}, locale ru_RU
at java.base/java.util.ResourceBundle.throwMissingResourceException(ResourceBundle.java:2055)
at java.base/java.util.ResourceBundle.getBundleImpl(ResourceBundle.java:1689)
at java.base/java.util.ResourceBundle.getBundleImpl(ResourceBundle.java:1593)
at java.base/java.util.ResourceBundle.getBundleImpl(ResourceBundle.java:1556)
at java.base/java.util.ResourceBundle.getBundle(ResourceBundle.java:857)
at service.TestDataReader.<clinit>(TestDataReader.java:7)
... 37 more
... Removed 35 stack frames]]>
    </failure>
  </testcase> <!-- AddingALotProductToCart -->
  <testcase classname="test.CartTest" name="AddingOneProductToCart" time="0.001">
    <failure type="java.lang.NoClassDefFoundError" message="Could not initialize class service.TestDataReader">
      <![CDATA[java.lang.NoClassDefFoundError: Could not initialize class service.TestDataReader
at service.ProductCreater.withCredentialsFromProperty(ProductCreater.java:22)
at test.CartTest.AddingOneProductToCart(CartTest.java:18)
... Removed 35 stack frames]]>
    </failure>
  </testcase> <!-- AddingOneProductToCart -->
  <testcase classname="test.CartTest" name="ConsoteManager" time="0.005">
    <failure type="java.lang.NoClassDefFoundError" message="Could not initialize class service.TestDataReader">
      <![CDATA[java.lang.NoClassDefFoundError: Could not initialize class service.TestDataReader
at service.UserCreater.withCredentialsFromProperty(UserCreater.java:11)
at test.CartTest.ConsoteManager(CartTest.java:138)
... Removed 35 stack frames]]>
    </failure>
  </testcase> <!-- ConsoteManager -->
  <testcase classname="test.CartTest" name="DeletingProductFromBag" time="0.001">
    <failure type="java.lang.NoClassDefFoundError" message="Could not initialize class service.TestDataReader">
      <![CDATA[java.lang.NoClassDefFoundError: Could not initialize class service.TestDataReader
at service.ProductCreater.withCredentialsFromProperty(ProductCreater.java:22)
at test.CartTest.DeletingProductFromBag(CartTest.java:56)
... Removed 35 stack frames]]>
    </failure>
  </testcase> <!-- DeletingProductFromBag -->
  <testcase classname="test.CartTest" name="PlacingAnOrderForGoodsWithIncorrectData" time="0.001">
    <failure type="java.lang.NoClassDefFoundError" message="Could not initialize class service.TestDataReader">
      <![CDATA[java.lang.NoClassDefFoundError: Could not initialize class service.TestDataReader
at service.UserCreater.withCredentialsFromProperty(UserCreater.java:11)
at test.CartTest.PlacingAnOrderForGoodsWithIncorrectData(CartTest.java:34)
... Removed 35 stack frames]]>
    </failure>
  </testcase> <!-- PlacingAnOrderForGoodsWithIncorrectData -->
  <testcase classname="test.CartTest" name="ProductFilteringBySelectedCategories" time="0.001">
    <failure type="java.lang.NoClassDefFoundError" message="Could not initialize class service.TestDataReader">
      <![CDATA[java.lang.NoClassDefFoundError: Could not initialize class service.TestDataReader
at service.ProductCreater.withCredentialsFromProperty(ProductCreater.java:22)
at test.CartTest.ProductFilteringBySelectedCategories(CartTest.java:124)
... Removed 35 stack frames]]>
    </failure>
  </testcase> <!-- ProductFilteringBySelectedCategories -->
  <testcase classname="test.CartTest" name="WriteIncorrectCityInDeliveryAdress" time="0.001">
    <failure type="java.lang.NoClassDefFoundError" message="Could not initialize class service.TestDataReader">
      <![CDATA[java.lang.NoClassDefFoundError: Could not initialize class service.TestDataReader
at service.ProductCreater.withCredentialsFromProperty(ProductCreater.java:22)
at test.CartTest.WriteIncorrectCityInDeliveryAdress(CartTest.java:109)
... Removed 35 stack frames]]>
    </failure>
  </testcase> <!-- WriteIncorrectCityInDeliveryAdress -->
  <testcase classname="test.CartTest" name="WriteIncorrectPromocode" time="0.001">
    <failure type="java.lang.NoClassDefFoundError" message="Could not initialize class service.TestDataReader">
      <![CDATA[java.lang.NoClassDefFoundError: Could not initialize class service.TestDataReader
at service.ProductCreater.withCredentialsFromProperty(ProductCreater.java:22)
at test.CartTest.WriteIncorrectPromocode(CartTest.java:92)
... Removed 35 stack frames]]>
    </failure>
  </testcase> <!-- WriteIncorrectPromocode -->
  <testcase classname="test.UserTest" name="EditCityInAccount" time="0.0">
    <failure type="java.lang.NoClassDefFoundError" message="Could not initialize class service.TestDataReader">
      <![CDATA[java.lang.NoClassDefFoundError: Could not initialize class service.TestDataReader
at service.UserCreater.withCredentialsFromProperty(UserCreater.java:11)
at test.UserTest.EditCityInAccount(UserTest.java:28)
... Removed 35 stack frames]]>
    </failure>
  </testcase> <!-- EditCityInAccount -->
  <testcase classname="test.UserTest" name="LoginUser" time="0.0">
    <failure type="java.lang.NoClassDefFoundError" message="Could not initialize class service.TestDataReader">
      <![CDATA[java.lang.NoClassDefFoundError: Could not initialize class service.TestDataReader
at service.UserCreater.withCredentialsFromProperty(UserCreater.java:11)
at test.UserTest.LoginUser(UserTest.java:16)
... Removed 35 stack frames]]>
    </failure>
  </testcase> <!-- LoginUser -->
</testsuite> <!-- Command line test -->
