-------------------------------------------------------------------------------
Test set: TestSuite
-------------------------------------------------------------------------------
Tests run: 10, Failures: 10, Errors: 0, Skipped: 0, Time elapsed: 26.596 sec <<< FAILURE!
AddingALotProductToCart(test.CartTest)  Time elapsed: 0.376 sec  <<< FAILURE!
java.lang.ExceptionInInitializerError
	at service.ProductCreater.withCredentialsFromProperty(ProductCreater.java:22)
	at test.CartTest.AddingALotProductToCart(CartTest.java:74)
Caused by: java.util.MissingResourceException: Can't find bundle for base name ${dev}, locale ru_RU
	at java.base/java.util.ResourceBundle.throwMissingResourceException(ResourceBundle.java:2055)
	at java.base/java.util.ResourceBundle.getBundleImpl(ResourceBundle.java:1689)
	at java.base/java.util.ResourceBundle.getBundleImpl(ResourceBundle.java:1593)
	at java.base/java.util.ResourceBundle.getBundleImpl(ResourceBundle.java:1556)
	at java.base/java.util.ResourceBundle.getBundle(ResourceBundle.java:857)
	at service.TestDataReader.<clinit>(TestDataReader.java:7)
	... 37 more

AddingOneProductToCart(test.CartTest)  Time elapsed: 0.32 sec  <<< FAILURE!
java.lang.NoClassDefFoundError: Could not initialize class service.TestDataReader
	at service.ProductCreater.withCredentialsFromProperty(ProductCreater.java:22)
	at test.CartTest.AddingOneProductToCart(CartTest.java:18)

ConsoteManager(test.CartTest)  Time elapsed: 0.314 sec  <<< FAILURE!
java.lang.NoClassDefFoundError: Could not initialize class service.TestDataReader
	at service.UserCreater.withCredentialsFromProperty(UserCreater.java:11)
	at test.CartTest.ConsoteManager(CartTest.java:138)

DeletingProductFromBag(test.CartTest)  Time elapsed: 0.317 sec  <<< FAILURE!
java.lang.NoClassDefFoundError: Could not initialize class service.TestDataReader
	at service.ProductCreater.withCredentialsFromProperty(ProductCreater.java:22)
	at test.CartTest.DeletingProductFromBag(CartTest.java:56)

PlacingAnOrderForGoodsWithIncorrectData(test.CartTest)  Time elapsed: 0.288 sec  <<< FAILURE!
java.lang.NoClassDefFoundError: Could not initialize class service.TestDataReader
	at service.UserCreater.withCredentialsFromProperty(UserCreater.java:11)
	at test.CartTest.PlacingAnOrderForGoodsWithIncorrectData(CartTest.java:34)

ProductFilteringBySelectedCategories(test.CartTest)  Time elapsed: 0.309 sec  <<< FAILURE!
java.lang.NoClassDefFoundError: Could not initialize class service.TestDataReader
	at service.ProductCreater.withCredentialsFromProperty(ProductCreater.java:22)
	at test.CartTest.ProductFilteringBySelectedCategories(CartTest.java:124)

WriteIncorrectCityInDeliveryAdress(test.CartTest)  Time elapsed: 0.318 sec  <<< FAILURE!
java.lang.NoClassDefFoundError: Could not initialize class service.TestDataReader
	at service.ProductCreater.withCredentialsFromProperty(ProductCreater.java:22)
	at test.CartTest.WriteIncorrectCityInDeliveryAdress(CartTest.java:109)

WriteIncorrectPromocode(test.CartTest)  Time elapsed: 0.301 sec  <<< FAILURE!
java.lang.NoClassDefFoundError: Could not initialize class service.TestDataReader
	at service.ProductCreater.withCredentialsFromProperty(ProductCreater.java:22)
	at test.CartTest.WriteIncorrectPromocode(CartTest.java:92)

EditCityInAccount(test.UserTest)  Time elapsed: 0.289 sec  <<< FAILURE!
java.lang.NoClassDefFoundError: Could not initialize class service.TestDataReader
	at service.UserCreater.withCredentialsFromProperty(UserCreater.java:11)
	at test.UserTest.EditCityInAccount(UserTest.java:28)

LoginUser(test.UserTest)  Time elapsed: 0.296 sec  <<< FAILURE!
java.lang.NoClassDefFoundError: Could not initialize class service.TestDataReader
	at service.UserCreater.withCredentialsFromProperty(UserCreater.java:11)
	at test.UserTest.LoginUser(UserTest.java:16)

