<?xml version="1.0" encoding="UTF-8" ?>
<testsuite tests="10" failures="4" name="TestSuite" time="112.57" errors="0" skipped="0">
  <properties>
[...]
</properties>
  <testcase classname="test.CartTest" name="AddingALotProductToCart" time="18.656"/>
  <testcase classname="test.CartTest" name="AddingOneProductToCart" time="10.919">
    <failure message="
Expected: &lt;Item(name=COURT SLAM DYNAMIC2201SFA, size=36, color=Ð±ÐµÐ»ÑÐ¹, cost=5 490 Ð Ð£Ð.)&gt;
     but: was &lt;Item(name=COURT SLAM DYNAMIC2201SFA, size=размер: 36, color=цвет: белый, cost=5 490 руб.)&gt;" type="java.lang.AssertionError">java.lang.AssertionError: 
Expected: &lt;Item(name=COURT SLAM DYNAMIC2201SFA, size=36, color=Ð±ÐµÐ»ÑÐ¹, cost=5 490 Ð Ð£Ð.)&gt;
     but: was &lt;Item(name=COURT SLAM DYNAMIC2201SFA, size=размер: 36, color=цвет: белый, cost=5 490 руб.)&gt;
	at org.hamcrest.MatcherAssert.assertThat(MatcherAssert.java:20)
	at org.hamcrest.MatcherAssert.assertThat(MatcherAssert.java:8)
	at test.CartTest.AddingOneProductToCart(CartTest.java:29)
</failure>
    <system-out>test.data.first.name
test.data.first.size
test.data.first.color
test.data.first.cost
</system-out>
  </testcase>
  <testcase classname="test.CartTest" name="ConsoteManager" time="6.729">
    <failure message="no such element: Unable to locate element: {&quot;method&quot;:&quot;xpath&quot;,&quot;selector&quot;:&quot;//*[@class=&apos;consultant-icon&apos;]&quot;}
  (Session info: chrome=87.0.4280.141)
For documentation on this error, please visit: https://www.seleniumhq.org/exceptions/no_such_element.html
Build info: version: &apos;3.141.59&apos;, revision: &apos;e82be7d358&apos;, time: &apos;2018-11-14T08:17:03&apos;
System info: host: &apos;DESKTOP-DRSERU0&apos;, ip: &apos;192.168.100.2&apos;, os.name: &apos;Windows 10&apos;, os.arch: &apos;amd64&apos;, os.version: &apos;10.0&apos;, java.version: &apos;1.8.0_271&apos;
Driver info: org.openqa.selenium.chrome.ChromeDriver
Capabilities {acceptInsecureCerts: false, browserName: chrome, browserVersion: 87.0.4280.141, chrome: {chromedriverVersion: 87.0.4280.88 (89e2380a3e36c..., userDataDir: C:\Users\7FE9~1\AppData\Loc...}, goog:chromeOptions: {debuggerAddress: localhost:53118}, javascriptEnabled: true, networkConnectionEnabled: false, pageLoadStrategy: normal, platform: WINDOWS, platformName: WINDOWS, proxy: Proxy(), setWindowRect: true, strictFileInteractability: false, timeouts: {implicit: 0, pageLoad: 300000, script: 30000}, unhandledPromptBehavior: dismiss and notify, webauthn:virtualAuthenticators: true}
Session ID: c32a3f424ecee5c07a3619b9f43f3c9c
*** Element info: {Using=xpath, value=//*[@class=&apos;consultant-icon&apos;]}" type="org.openqa.selenium.NoSuchElementException">org.openqa.selenium.NoSuchElementException: no such element: Unable to locate element: {&quot;method&quot;:&quot;xpath&quot;,&quot;selector&quot;:&quot;//*[@class=&apos;consultant-icon&apos;]&quot;}
  (Session info: chrome=87.0.4280.141)
For documentation on this error, please visit: https://www.seleniumhq.org/exceptions/no_such_element.html
Build info: version: &apos;3.141.59&apos;, revision: &apos;e82be7d358&apos;, time: &apos;2018-11-14T08:17:03&apos;
System info: host: &apos;DESKTOP-DRSERU0&apos;, ip: &apos;192.168.100.2&apos;, os.name: &apos;Windows 10&apos;, os.arch: &apos;amd64&apos;, os.version: &apos;10.0&apos;, java.version: &apos;1.8.0_271&apos;
Driver info: org.openqa.selenium.chrome.ChromeDriver
Capabilities {acceptInsecureCerts: false, browserName: chrome, browserVersion: 87.0.4280.141, chrome: {chromedriverVersion: 87.0.4280.88 (89e2380a3e36c..., userDataDir: C:\Users\7FE9~1\AppData\Loc...}, goog:chromeOptions: {debuggerAddress: localhost:53118}, javascriptEnabled: true, networkConnectionEnabled: false, pageLoadStrategy: normal, platform: WINDOWS, platformName: WINDOWS, proxy: Proxy(), setWindowRect: true, strictFileInteractability: false, timeouts: {implicit: 0, pageLoad: 300000, script: 30000}, unhandledPromptBehavior: dismiss and notify, webauthn:virtualAuthenticators: true}
Session ID: c32a3f424ecee5c07a3619b9f43f3c9c
*** Element info: {Using=xpath, value=//*[@class=&apos;consultant-icon&apos;]}
	at sun.reflect.NativeConstructorAccessorImpl.newInstance0(Native Method)
	at sun.reflect.NativeConstructorAccessorImpl.newInstance(NativeConstructorAccessorImpl.java:62)
	at sun.reflect.DelegatingConstructorAccessorImpl.newInstance(DelegatingConstructorAccessorImpl.java:45)
	at java.lang.reflect.Constructor.newInstance(Constructor.java:423)
	at org.openqa.selenium.remote.http.W3CHttpResponseCodec.createException(W3CHttpResponseCodec.java:187)
	at org.openqa.selenium.remote.http.W3CHttpResponseCodec.decode(W3CHttpResponseCodec.java:122)
	at org.openqa.selenium.remote.http.W3CHttpResponseCodec.decode(W3CHttpResponseCodec.java:49)
	at org.openqa.selenium.remote.HttpCommandExecutor.execute(HttpCommandExecutor.java:158)
	at org.openqa.selenium.remote.service.DriverCommandExecutor.execute(DriverCommandExecutor.java:83)
	at org.openqa.selenium.remote.RemoteWebDriver.execute(RemoteWebDriver.java:552)
	at org.openqa.selenium.remote.RemoteWebDriver.findElement(RemoteWebDriver.java:323)
	at org.openqa.selenium.remote.RemoteWebDriver.findElementByXPath(RemoteWebDriver.java:428)
	at org.openqa.selenium.By$ByXPath.findElement(By.java:353)
	at org.openqa.selenium.remote.RemoteWebDriver.findElement(RemoteWebDriver.java:315)
	at org.openqa.selenium.support.pagefactory.DefaultElementLocator.findElement(DefaultElementLocator.java:69)
	at org.openqa.selenium.support.pagefactory.internal.LocatingElementHandler.invoke(LocatingElementHandler.java:38)
	at com.sun.proxy.$Proxy9.click(Unknown Source)
	at page.HomePage.writeMessageInConsole(HomePage.java:63)
	at test.CartTest.ConsoteManager(CartTest.java:146)
</failure>
    <system-out>test.data.user.email
test.data.user.password
test.data.user.dateOfBirth
</system-out>
  </testcase>
  <testcase classname="test.CartTest" name="DeletingProductFromBag" time="10.919"/>
  <testcase classname="test.CartTest" name="PlacingAnOrderForGoodsWithIncorrectData" time="13.264">
    <failure message="no such element: Unable to locate element: {&quot;method&quot;:&quot;xpath&quot;,&quot;selector&quot;:&quot;//*[@class=&apos;field js-field cladr__input&apos;]&quot;}
  (Session info: chrome=87.0.4280.141)
For documentation on this error, please visit: https://www.seleniumhq.org/exceptions/no_such_element.html
Build info: version: &apos;3.141.59&apos;, revision: &apos;e82be7d358&apos;, time: &apos;2018-11-14T08:17:03&apos;
System info: host: &apos;DESKTOP-DRSERU0&apos;, ip: &apos;192.168.100.2&apos;, os.name: &apos;Windows 10&apos;, os.arch: &apos;amd64&apos;, os.version: &apos;10.0&apos;, java.version: &apos;1.8.0_271&apos;
Driver info: org.openqa.selenium.chrome.ChromeDriver
Capabilities {acceptInsecureCerts: false, browserName: chrome, browserVersion: 87.0.4280.141, chrome: {chromedriverVersion: 87.0.4280.88 (89e2380a3e36c..., userDataDir: C:\Users\7FE9~1\AppData\Loc...}, goog:chromeOptions: {debuggerAddress: localhost:53118}, javascriptEnabled: true, networkConnectionEnabled: false, pageLoadStrategy: normal, platform: WINDOWS, platformName: WINDOWS, proxy: Proxy(), setWindowRect: true, strictFileInteractability: false, timeouts: {implicit: 0, pageLoad: 300000, script: 30000}, unhandledPromptBehavior: dismiss and notify, webauthn:virtualAuthenticators: true}
Session ID: c32a3f424ecee5c07a3619b9f43f3c9c
*** Element info: {Using=xpath, value=//*[@class=&apos;field js-field cladr__input&apos;]}" type="org.openqa.selenium.NoSuchElementException">org.openqa.selenium.NoSuchElementException: no such element: Unable to locate element: {&quot;method&quot;:&quot;xpath&quot;,&quot;selector&quot;:&quot;//*[@class=&apos;field js-field cladr__input&apos;]&quot;}
  (Session info: chrome=87.0.4280.141)
For documentation on this error, please visit: https://www.seleniumhq.org/exceptions/no_such_element.html
Build info: version: &apos;3.141.59&apos;, revision: &apos;e82be7d358&apos;, time: &apos;2018-11-14T08:17:03&apos;
System info: host: &apos;DESKTOP-DRSERU0&apos;, ip: &apos;192.168.100.2&apos;, os.name: &apos;Windows 10&apos;, os.arch: &apos;amd64&apos;, os.version: &apos;10.0&apos;, java.version: &apos;1.8.0_271&apos;
Driver info: org.openqa.selenium.chrome.ChromeDriver
Capabilities {acceptInsecureCerts: false, browserName: chrome, browserVersion: 87.0.4280.141, chrome: {chromedriverVersion: 87.0.4280.88 (89e2380a3e36c..., userDataDir: C:\Users\7FE9~1\AppData\Loc...}, goog:chromeOptions: {debuggerAddress: localhost:53118}, javascriptEnabled: true, networkConnectionEnabled: false, pageLoadStrategy: normal, platform: WINDOWS, platformName: WINDOWS, proxy: Proxy(), setWindowRect: true, strictFileInteractability: false, timeouts: {implicit: 0, pageLoad: 300000, script: 30000}, unhandledPromptBehavior: dismiss and notify, webauthn:virtualAuthenticators: true}
Session ID: c32a3f424ecee5c07a3619b9f43f3c9c
*** Element info: {Using=xpath, value=//*[@class=&apos;field js-field cladr__input&apos;]}
	at sun.reflect.GeneratedConstructorAccessor15.newInstance(Unknown Source)
	at sun.reflect.DelegatingConstructorAccessorImpl.newInstance(DelegatingConstructorAccessorImpl.java:45)
	at java.lang.reflect.Constructor.newInstance(Constructor.java:423)
	at org.openqa.selenium.remote.http.W3CHttpResponseCodec.createException(W3CHttpResponseCodec.java:187)
	at org.openqa.selenium.remote.http.W3CHttpResponseCodec.decode(W3CHttpResponseCodec.java:122)
	at org.openqa.selenium.remote.http.W3CHttpResponseCodec.decode(W3CHttpResponseCodec.java:49)
	at org.openqa.selenium.remote.HttpCommandExecutor.execute(HttpCommandExecutor.java:158)
	at org.openqa.selenium.remote.service.DriverCommandExecutor.execute(DriverCommandExecutor.java:83)
	at org.openqa.selenium.remote.RemoteWebDriver.execute(RemoteWebDriver.java:552)
	at org.openqa.selenium.remote.RemoteWebDriver.findElement(RemoteWebDriver.java:323)
	at org.openqa.selenium.remote.RemoteWebDriver.findElementByXPath(RemoteWebDriver.java:428)
	at org.openqa.selenium.By$ByXPath.findElement(By.java:353)
	at org.openqa.selenium.remote.RemoteWebDriver.findElement(RemoteWebDriver.java:315)
	at org.openqa.selenium.support.pagefactory.DefaultElementLocator.findElement(DefaultElementLocator.java:69)
	at org.openqa.selenium.support.pagefactory.internal.LocatingElementHandler.invoke(LocatingElementHandler.java:38)
	at com.sun.proxy.$Proxy9.click(Unknown Source)
	at page.userPages.OrderingPage.writeCityName(OrderingPage.java:25)
	at test.CartTest.PlacingAnOrderForGoodsWithIncorrectData(CartTest.java:48)
</failure>
    <system-out>test.data.user.email
test.data.user.password
test.data.user.dateOfBirth
test.data.first.name
test.data.first.size
test.data.first.color
test.data.first.cost
</system-out>
  </testcase>
  <testcase classname="test.CartTest" name="ProductFilteringBySelectedCategories" time="10.478">
    <failure message="element click intercepted: Element &lt;a href=&quot;/catalog/paris_polo_muzhchiny/paris_polo_regular_fit_color_AE0/&quot; class=&quot;product-main&quot;&gt;...&lt;/a&gt; is not clickable at point (693, 562). Other element would receive the click: &lt;img src=&quot;https://cdn.retailrocket.net/api/1.0/partner/5b44733997a525089c03a156/item/254571/picture/?format=png&amp;amp;width=500&amp;amp;height=500&amp;amp;scale=both&quot; alt=&quot;&quot; onerror=&quot;retailrocket.widget.hideProduct(this)&quot;&gt;
  (Session info: chrome=87.0.4280.141)
Build info: version: &apos;3.141.59&apos;, revision: &apos;e82be7d358&apos;, time: &apos;2018-11-14T08:17:03&apos;
System info: host: &apos;DESKTOP-DRSERU0&apos;, ip: &apos;192.168.100.2&apos;, os.name: &apos;Windows 10&apos;, os.arch: &apos;amd64&apos;, os.version: &apos;10.0&apos;, java.version: &apos;1.8.0_271&apos;
Driver info: org.openqa.selenium.chrome.ChromeDriver
Capabilities {acceptInsecureCerts: false, browserName: chrome, browserVersion: 87.0.4280.141, chrome: {chromedriverVersion: 87.0.4280.88 (89e2380a3e36c..., userDataDir: C:\Users\7FE9~1\AppData\Loc...}, goog:chromeOptions: {debuggerAddress: localhost:53118}, javascriptEnabled: true, networkConnectionEnabled: false, pageLoadStrategy: normal, platform: WINDOWS, platformName: WINDOWS, proxy: Proxy(), setWindowRect: true, strictFileInteractability: false, timeouts: {implicit: 0, pageLoad: 300000, script: 30000}, unhandledPromptBehavior: dismiss and notify, webauthn:virtualAuthenticators: true}
Session ID: c32a3f424ecee5c07a3619b9f43f3c9c" type="org.openqa.selenium.ElementClickInterceptedException">org.openqa.selenium.ElementClickInterceptedException: element click intercepted: Element &lt;a href=&quot;/catalog/paris_polo_muzhchiny/paris_polo_regular_fit_color_AE0/&quot; class=&quot;product-main&quot;&gt;...&lt;/a&gt; is not clickable at point (693, 562). Other element would receive the click: &lt;img src=&quot;https://cdn.retailrocket.net/api/1.0/partner/5b44733997a525089c03a156/item/254571/picture/?format=png&amp;amp;width=500&amp;amp;height=500&amp;amp;scale=both&quot; alt=&quot;&quot; onerror=&quot;retailrocket.widget.hideProduct(this)&quot;&gt;
  (Session info: chrome=87.0.4280.141)
Build info: version: &apos;3.141.59&apos;, revision: &apos;e82be7d358&apos;, time: &apos;2018-11-14T08:17:03&apos;
System info: host: &apos;DESKTOP-DRSERU0&apos;, ip: &apos;192.168.100.2&apos;, os.name: &apos;Windows 10&apos;, os.arch: &apos;amd64&apos;, os.version: &apos;10.0&apos;, java.version: &apos;1.8.0_271&apos;
Driver info: org.openqa.selenium.chrome.ChromeDriver
Capabilities {acceptInsecureCerts: false, browserName: chrome, browserVersion: 87.0.4280.141, chrome: {chromedriverVersion: 87.0.4280.88 (89e2380a3e36c..., userDataDir: C:\Users\7FE9~1\AppData\Loc...}, goog:chromeOptions: {debuggerAddress: localhost:53118}, javascriptEnabled: true, networkConnectionEnabled: false, pageLoadStrategy: normal, platform: WINDOWS, platformName: WINDOWS, proxy: Proxy(), setWindowRect: true, strictFileInteractability: false, timeouts: {implicit: 0, pageLoad: 300000, script: 30000}, unhandledPromptBehavior: dismiss and notify, webauthn:virtualAuthenticators: true}
Session ID: c32a3f424ecee5c07a3619b9f43f3c9c
	at sun.reflect.NativeConstructorAccessorImpl.newInstance0(Native Method)
	at sun.reflect.NativeConstructorAccessorImpl.newInstance(NativeConstructorAccessorImpl.java:62)
	at sun.reflect.DelegatingConstructorAccessorImpl.newInstance(DelegatingConstructorAccessorImpl.java:45)
	at java.lang.reflect.Constructor.newInstance(Constructor.java:423)
	at org.openqa.selenium.remote.http.W3CHttpResponseCodec.createException(W3CHttpResponseCodec.java:187)
	at org.openqa.selenium.remote.http.W3CHttpResponseCodec.decode(W3CHttpResponseCodec.java:122)
	at org.openqa.selenium.remote.http.W3CHttpResponseCodec.decode(W3CHttpResponseCodec.java:49)
	at org.openqa.selenium.remote.HttpCommandExecutor.execute(HttpCommandExecutor.java:158)
	at org.openqa.selenium.remote.service.DriverCommandExecutor.execute(DriverCommandExecutor.java:83)
	at org.openqa.selenium.remote.RemoteWebDriver.execute(RemoteWebDriver.java:552)
	at org.openqa.selenium.remote.RemoteWebElement.execute(RemoteWebElement.java:285)
	at org.openqa.selenium.remote.RemoteWebElement.click(RemoteWebElement.java:84)
	at sun.reflect.GeneratedMethodAccessor1.invoke(Unknown Source)
	at sun.reflect.DelegatingMethodAccessorImpl.invoke(DelegatingMethodAccessorImpl.java:43)
	at java.lang.reflect.Method.invoke(Method.java:498)
	at org.openqa.selenium.support.pagefactory.internal.LocatingElementHandler.invoke(LocatingElementHandler.java:51)
	at com.sun.proxy.$Proxy9.click(Unknown Source)
	at page.productPages.CatalogProductsPage.goToFirstProductOnPage(CatalogProductsPage.java:42)
	at test.CartTest.ProductFilteringBySelectedCategories(CartTest.java:130)
</failure>
    <system-out>test.data.second.name
test.data.second.size
test.data.second.color
test.data.second.cost
test.data.first.link
</system-out>
  </testcase>
  <testcase classname="test.CartTest" name="WriteIncorrectCityInDeliveryAdress" time="9.837"/>
  <testcase classname="test.CartTest" name="WriteIncorrectPromocode" time="11.45"/>
  <testcase classname="test.UserTest" name="EditCityInAccount" time="13.473"/>
  <testcase classname="test.UserTest" name="LoginUser" time="6.845"/>
</testsuite>