<?xml version="1.0" encoding="UTF-8" ?>
<testsuite tests="10" failures="10" name="TestSuite" time="3.128" errors="0" skipped="0">
  <properties>
[...]
</properties>
  <testcase classname="test.CartTest" name="AddingALotProductToCart" time="0.376">
    <failure type="java.lang.ExceptionInInitializerError">java.lang.ExceptionInInitializerError
	at service.ProductCreater.withCredentialsFromProperty(ProductCreater.java:22)
	at test.CartTest.AddingALotProductToCart(CartTest.java:74)
Caused by: java.util.MissingResourceException: Can&apos;t find bundle for base name ${dev}, locale ru_RU
	at java.base/java.util.ResourceBundle.throwMissingResourceException(ResourceBundle.java:2055)
	at java.base/java.util.ResourceBundle.getBundleImpl(ResourceBundle.java:1689)
	at java.base/java.util.ResourceBundle.getBundleImpl(ResourceBundle.java:1593)
	at java.base/java.util.ResourceBundle.getBundleImpl(ResourceBundle.java:1556)
	at java.base/java.util.ResourceBundle.getBundle(ResourceBundle.java:857)
	at service.TestDataReader.&lt;clinit&gt;(TestDataReader.java:7)
	... 37 more
</failure>
    <system-out>Configuring TestNG with: org.apache.maven.surefire.testng.conf.TestNG652Configurator@646d64ab
</system-out>
    <system-err>SLF4J: Failed to load class &quot;org.slf4j.impl.StaticLoggerBinder&quot;.
SLF4J: Defaulting to no-operation (NOP) logger implementation
SLF4J: See http://www.slf4j.org/codes.html#StaticLoggerBinder for further details.
Starting ChromeDriver 87.0.4280.88 (89e2380a3e36c3464b5dd1302349b1382549290d-refs/branch-heads/4280@{#1761}) on port 48441
Only local connections are allowed.
Please see https://chromedriver.chromium.org/security-considerations for suggestions on keeping ChromeDriver safe.
ChromeDriver was started successfully.
янв. 06, 2021 9:35:22 AM org.openqa.selenium.remote.ProtocolHandshake createSession
INFO: Detected dialect: W3C
</system-err>
  </testcase>
  <testcase classname="test.CartTest" name="AddingOneProductToCart" time="0.32">
    <failure message="Could not initialize class service.TestDataReader" type="java.lang.NoClassDefFoundError">java.lang.NoClassDefFoundError: Could not initialize class service.TestDataReader
	at service.ProductCreater.withCredentialsFromProperty(ProductCreater.java:22)
	at test.CartTest.AddingOneProductToCart(CartTest.java:18)
</failure>
  </testcase>
  <testcase classname="test.CartTest" name="ConsoteManager" time="0.314">
    <failure message="Could not initialize class service.TestDataReader" type="java.lang.NoClassDefFoundError">java.lang.NoClassDefFoundError: Could not initialize class service.TestDataReader
	at service.UserCreater.withCredentialsFromProperty(UserCreater.java:11)
	at test.CartTest.ConsoteManager(CartTest.java:138)
</failure>
  </testcase>
  <testcase classname="test.CartTest" name="DeletingProductFromBag" time="0.317">
    <failure message="Could not initialize class service.TestDataReader" type="java.lang.NoClassDefFoundError">java.lang.NoClassDefFoundError: Could not initialize class service.TestDataReader
	at service.ProductCreater.withCredentialsFromProperty(ProductCreater.java:22)
	at test.CartTest.DeletingProductFromBag(CartTest.java:56)
</failure>
  </testcase>
  <testcase classname="test.CartTest" name="PlacingAnOrderForGoodsWithIncorrectData" time="0.288">
    <failure message="Could not initialize class service.TestDataReader" type="java.lang.NoClassDefFoundError">java.lang.NoClassDefFoundError: Could not initialize class service.TestDataReader
	at service.UserCreater.withCredentialsFromProperty(UserCreater.java:11)
	at test.CartTest.PlacingAnOrderForGoodsWithIncorrectData(CartTest.java:34)
</failure>
  </testcase>
  <testcase classname="test.CartTest" name="ProductFilteringBySelectedCategories" time="0.309">
    <failure message="Could not initialize class service.TestDataReader" type="java.lang.NoClassDefFoundError">java.lang.NoClassDefFoundError: Could not initialize class service.TestDataReader
	at service.ProductCreater.withCredentialsFromProperty(ProductCreater.java:22)
	at test.CartTest.ProductFilteringBySelectedCategories(CartTest.java:124)
</failure>
  </testcase>
  <testcase classname="test.CartTest" name="WriteIncorrectCityInDeliveryAdress" time="0.318">
    <failure message="Could not initialize class service.TestDataReader" type="java.lang.NoClassDefFoundError">java.lang.NoClassDefFoundError: Could not initialize class service.TestDataReader
	at service.ProductCreater.withCredentialsFromProperty(ProductCreater.java:22)
	at test.CartTest.WriteIncorrectCityInDeliveryAdress(CartTest.java:109)
</failure>
  </testcase>
  <testcase classname="test.CartTest" name="WriteIncorrectPromocode" time="0.301">
    <failure message="Could not initialize class service.TestDataReader" type="java.lang.NoClassDefFoundError">java.lang.NoClassDefFoundError: Could not initialize class service.TestDataReader
	at service.ProductCreater.withCredentialsFromProperty(ProductCreater.java:22)
	at test.CartTest.WriteIncorrectPromocode(CartTest.java:92)
</failure>
  </testcase>
  <testcase classname="test.UserTest" name="EditCityInAccount" time="0.289">
    <failure message="Could not initialize class service.TestDataReader" type="java.lang.NoClassDefFoundError">java.lang.NoClassDefFoundError: Could not initialize class service.TestDataReader
	at service.UserCreater.withCredentialsFromProperty(UserCreater.java:11)
	at test.UserTest.EditCityInAccount(UserTest.java:28)
</failure>
    <system-err>Starting ChromeDriver 87.0.4280.88 (89e2380a3e36c3464b5dd1302349b1382549290d-refs/branch-heads/4280@{#1761}) on port 30182
Only local connections are allowed.
Please see https://chromedriver.chromium.org/security-considerations for suggestions on keeping ChromeDriver safe.
ChromeDriver was started successfully.
янв. 06, 2021 9:35:33 AM org.openqa.selenium.remote.ProtocolHandshake createSession
INFO: Detected dialect: W3C
</system-err>
  </testcase>
  <testcase classname="test.UserTest" name="LoginUser" time="0.296">
    <failure message="Could not initialize class service.TestDataReader" type="java.lang.NoClassDefFoundError">java.lang.NoClassDefFoundError: Could not initialize class service.TestDataReader
	at service.UserCreater.withCredentialsFromProperty(UserCreater.java:11)
	at test.UserTest.LoginUser(UserTest.java:16)
</failure>
  </testcase>
</testsuite>